Determining if the pthread_create exist failed with the following output:
Change Dir: /home/ubuntu/m100-ros-test/workspace/build/CMakeFiles/CMakeTmp

Run Build Command:/usr/bin/make "cmTryCompileExec478142758/fast"
/usr/bin/make -f CMakeFiles/cmTryCompileExec478142758.dir/build.make CMakeFiles/cmTryCompileExec478142758.dir/build
make[1]: Entering directory `/home/ubuntu/m100-ros-test/workspace/build/CMakeFiles/CMakeTmp'
/usr/bin/cmake -E cmake_progress_report /home/ubuntu/m100-ros-test/workspace/build/CMakeFiles/CMakeTmp/CMakeFiles 1
Building C object CMakeFiles/cmTryCompileExec478142758.dir/CheckSymbolExists.c.o
/usr/bin/cc    -o CMakeFiles/cmTryCompileExec478142758.dir/CheckSymbolExists.c.o   -c /home/ubuntu/m100-ros-test/workspace/build/CMakeFiles/CMakeTmp/CheckSymbolExists.c
Linking C executable cmTryCompileExec478142758
/usr/bin/cmake -E cmake_link_script CMakeFiles/cmTryCompileExec478142758.dir/link.txt --verbose=1
/usr/bin/cc       CMakeFiles/cmTryCompileExec478142758.dir/CheckSymbolExists.c.o  -o cmTryCompileExec478142758 -rdynamic 
CMakeFiles/cmTryCompileExec478142758.dir/CheckSymbolExists.c.o: In function `main':
CheckSymbolExists.c:(.text+0xe): undefined reference to `pthread_create'
CheckSymbolExists.c:(.text+0x12): undefined reference to `pthread_create'
collect2: error: ld returned 1 exit status
make[1]: Leaving directory `/home/ubuntu/m100-ros-test/workspace/build/CMakeFiles/CMakeTmp'
make[1]: *** [cmTryCompileExec478142758] Error 1
make: *** [cmTryCompileExec478142758/fast] Error 2

File /home/ubuntu/m100-ros-test/workspace/build/CMakeFiles/CMakeTmp/CheckSymbolExists.c:
/* */
#include <pthread.h>

int main(int argc, char** argv)
{
  (void)argv;
#ifndef pthread_create
  return ((int*)(&pthread_create))[argc];
#else
  (void)argc;
  return 0;
#endif
}

Determining if the function pthread_create exists in the pthreads failed with the following output:
Change Dir: /home/ubuntu/m100-ros-test/workspace/build/CMakeFiles/CMakeTmp

Run Build Command:/usr/bin/make "cmTryCompileExec286718267/fast"
/usr/bin/make -f CMakeFiles/cmTryCompileExec286718267.dir/build.make CMakeFiles/cmTryCompileExec286718267.dir/build
make[1]: Entering directory `/home/ubuntu/m100-ros-test/workspace/build/CMakeFiles/CMakeTmp'
/usr/bin/cmake -E cmake_progress_report /home/ubuntu/m100-ros-test/workspace/build/CMakeFiles/CMakeTmp/CMakeFiles 1
Building C object CMakeFiles/cmTryCompileExec286718267.dir/CheckFunctionExists.c.o
/usr/bin/cc   -DCHECK_FUNCTION_EXISTS=pthread_create   -o CMakeFiles/cmTryCompileExec286718267.dir/CheckFunctionExists.c.o   -c /usr/share/cmake-2.8/Modules/CheckFunctionExists.c
Linking C executable cmTryCompileExec286718267
/usr/bin/cmake -E cmake_link_script CMakeFiles/cmTryCompileExec286718267.dir/link.txt --verbose=1
/usr/bin/cc   -DCHECK_FUNCTION_EXISTS=pthread_create    CMakeFiles/cmTryCompileExec286718267.dir/CheckFunctionExists.c.o  -o cmTryCompileExec286718267 -rdynamic -lpthreads 
/usr/bin/ld: cannot find -lpthreads
collect2: error: ld returned 1 exit status
make[1]: Leaving directory `/home/ubuntu/m100-ros-test/workspace/build/CMakeFiles/CMakeTmp'
make[1]: *** [cmTryCompileExec286718267] Error 1
make: *** [cmTryCompileExec286718267/fast] Error 2


